Copyright 1986-2021 Xilinx, Inc. All Rights Reserved.
---------------------------------------------------------------------------------------------------------------------------------------------------------------------------------------------------------------------
| Tool Version : Vivado v.2021.2 (lin64) Build 3367213 Tue Oct 19 02:47:39 MDT 2021
| Date         : Fri Feb  4 20:42:02 2022
| Host         : yoshi-desktop running 64-bit Ubuntu 20.04.3 LTS
| Command      : report_timing_summary -max_paths 10 -report_unconstrained -file lab2_top_timing_summary_routed.rpt -pb lab2_top_timing_summary_routed.pb -rpx lab2_top_timing_summary_routed.rpx -warn_on_violation
| Design       : lab2_top
| Device       : 7a100t-csg324
| Speed File   : -1  PRODUCTION 1.23 2018-06-13
---------------------------------------------------------------------------------------------------------------------------------------------------------------------------------------------------------------------

Timing Summary Report

------------------------------------------------------------------------------------------------
| Timer Settings
| --------------
------------------------------------------------------------------------------------------------

  Enable Multi Corner Analysis               :  Yes
  Enable Pessimism Removal                   :  Yes
  Pessimism Removal Resolution               :  Nearest Common Node
  Enable Input Delay Default Clock           :  No
  Enable Preset / Clear Arcs                 :  No
  Disable Flight Delays                      :  No
  Ignore I/O Paths                           :  No
  Timing Early Launch at Borrowing Latches   :  No
  Borrow Time for Max Delay Exceptions       :  Yes
  Merge Timing Exceptions                    :  Yes

  Corner  Analyze    Analyze    
  Name    Max Paths  Min Paths  
  ------  ---------  ---------  
  Slow    Yes        Yes        
  Fast    Yes        Yes        


------------------------------------------------------------------------------------------------
| Report Methodology
| ------------------
------------------------------------------------------------------------------------------------

Rule  Severity  Description  Violations  
----  --------  -----------  ----------  

Note: This report is based on the most recent report_methodology run and may not be up-to-date. Run report_methodology on the current design for the latest report.



check_timing report

Table of Contents
-----------------
1. checking no_clock (0)
2. checking constant_clock (0)
3. checking pulse_width_clock (0)
4. checking unconstrained_internal_endpoints (0)
5. checking no_input_delay (0)
6. checking no_output_delay (0)
7. checking multiple_clock (0)
8. checking generated_clocks (0)
9. checking loops (0)
10. checking partial_input_delay (0)
11. checking partial_output_delay (0)
12. checking latch_loops (0)

1. checking no_clock (0)
------------------------
 There are 0 register/latch pins with no clock.


2. checking constant_clock (0)
------------------------------
 There are 0 register/latch pins with constant_clock.


3. checking pulse_width_clock (0)
---------------------------------
 There are 0 register/latch pins which need pulse_width check


4. checking unconstrained_internal_endpoints (0)
------------------------------------------------
 There are 0 pins that are not constrained for maximum delay.

 There are 0 pins that are not constrained for maximum delay due to constant clock.


5. checking no_input_delay (0)
------------------------------
 There are 0 input ports with no input delay specified.

 There are 0 input ports with no input delay but user has a false path constraint.


6. checking no_output_delay (0)
-------------------------------
 There are 0 ports with no output delay specified.

 There are 0 ports with no output delay but user has a false path constraint

 There are 0 ports with no output delay but with a timing clock defined on it or propagating through it


7. checking multiple_clock (0)
------------------------------
 There are 0 register/latch pins with multiple clocks.


8. checking generated_clocks (0)
--------------------------------
 There are 0 generated clocks that are not connected to a clock source.


9. checking loops (0)
---------------------
 There are 0 combinational loops in the design.


10. checking partial_input_delay (0)
------------------------------------
 There are 0 input ports with partial input delay specified.


11. checking partial_output_delay (0)
-------------------------------------
 There are 0 ports with partial output delay specified.


12. checking latch_loops (0)
----------------------------
 There are 0 combinational latch loops in the design through latch input



------------------------------------------------------------------------------------------------
| Design Timing Summary
| ---------------------
------------------------------------------------------------------------------------------------

    WNS(ns)      TNS(ns)  TNS Failing Endpoints  TNS Total Endpoints      WHS(ns)      THS(ns)  THS Failing Endpoints  THS Total Endpoints     WPWS(ns)     TPWS(ns)  TPWS Failing Endpoints  TPWS Total Endpoints  
    -------      -------  ---------------------  -------------------      -------      -------  ---------------------  -------------------     --------     --------  ----------------------  --------------------  
        inf        0.000                      0                   31          inf        0.000                      0                   31           NA           NA                      NA                    NA  


There are no user specified timing constraints.


------------------------------------------------------------------------------------------------
| Clock Summary
| -------------
------------------------------------------------------------------------------------------------


------------------------------------------------------------------------------------------------
| Intra Clock Table
| -----------------
------------------------------------------------------------------------------------------------

Clock             WNS(ns)      TNS(ns)  TNS Failing Endpoints  TNS Total Endpoints      WHS(ns)      THS(ns)  THS Failing Endpoints  THS Total Endpoints     WPWS(ns)     TPWS(ns)  TPWS Failing Endpoints  TPWS Total Endpoints  
-----             -------      -------  ---------------------  -------------------      -------      -------  ---------------------  -------------------     --------     --------  ----------------------  --------------------  


------------------------------------------------------------------------------------------------
| Inter Clock Table
| -----------------
------------------------------------------------------------------------------------------------

From Clock    To Clock          WNS(ns)      TNS(ns)  TNS Failing Endpoints  TNS Total Endpoints      WHS(ns)      THS(ns)  THS Failing Endpoints  THS Total Endpoints  
----------    --------          -------      -------  ---------------------  -------------------      -------      -------  ---------------------  -------------------  


------------------------------------------------------------------------------------------------
| Other Path Groups Table
| -----------------------
------------------------------------------------------------------------------------------------

Path Group    From Clock    To Clock          WNS(ns)      TNS(ns)  TNS Failing Endpoints  TNS Total Endpoints      WHS(ns)      THS(ns)  THS Failing Endpoints  THS Total Endpoints  
----------    ----------    --------          -------      -------  ---------------------  -------------------      -------      -------  ---------------------  -------------------  


------------------------------------------------------------------------------------------------
| User Ignored Path Table
| -----------------------
------------------------------------------------------------------------------------------------

Path Group    From Clock    To Clock    
----------    ----------    --------    


------------------------------------------------------------------------------------------------
| Unconstrained Path Table
| ------------------------
------------------------------------------------------------------------------------------------

Path Group    From Clock    To Clock    
----------    ----------    --------    
(none)                                    


------------------------------------------------------------------------------------------------
| Timing Details
| --------------
------------------------------------------------------------------------------------------------


--------------------------------------------------------------------------------------
Path Group:  (none)
From Clock:  
  To Clock:  

Max Delay            31 Endpoints
Min Delay            31 Endpoints
--------------------------------------------------------------------------------------


Max Delay Paths
--------------------------------------------------------------------------------------
Slack:                    inf
  Source:                 BTNU
                            (input port)
  Destination:            AN[6]
                            (output port)
  Path Group:             (none)
  Path Type:              Max at Slow Process Corner
  Data Path Delay:        12.346ns  (logic 5.127ns (41.529%)  route 7.219ns (58.471%))
  Logic Levels:           3  (IBUF=1 LUT4=1 OBUF=1)

    Location             Delay type                Incr(ns)  Path(ns)    Netlist Resource(s)
  -------------------------------------------------------------------    -------------------
    M18                                               0.000     0.000 f  BTNU (IN)
                         net (fo=0)                   0.000     0.000    BTNU
    M18                  IBUF (Prop_ibuf_I_O)         1.486     1.486 f  BTNU_IBUF_inst/O
                         net (fo=8, routed)           2.030     3.516    BTNU_IBUF
    SLICE_X0Y71          LUT4 (Prop_lut4_I3_O)        0.124     3.640 r  AN_OBUF[6]_inst_i_1/O
                         net (fo=1, routed)           5.189     8.829    AN_OBUF[6]
    K2                   OBUF (Prop_obuf_I_O)         3.518    12.346 r  AN_OBUF[6]_inst/O
                         net (fo=0)                   0.000    12.346    AN[6]
    K2                                                                r  AN[6] (OUT)
  -------------------------------------------------------------------    -------------------

Slack:                    inf
  Source:                 SW[8]
                            (input port)
  Destination:            AN[4]
                            (output port)
  Path Group:             (none)
  Path Type:              Max at Slow Process Corner
  Data Path Delay:        11.154ns  (logic 4.656ns (41.745%)  route 6.497ns (58.255%))
  Logic Levels:           3  (IBUF=1 LUT4=1 OBUF=1)

    Location             Delay type                Incr(ns)  Path(ns)    Netlist Resource(s)
  -------------------------------------------------------------------    -------------------
    T8                                                0.000     0.000 f  SW[8] (IN)
                         net (fo=0)                   0.000     0.000    SW[8]
    T8                   IBUF (Prop_ibuf_I_O)         0.982     0.982 f  SW_IBUF[8]_inst/O
                         net (fo=2, routed)           4.548     5.530    LED_OBUF[8]
    SLICE_X0Y71          LUT4 (Prop_lut4_I0_O)        0.124     5.654 r  AN_OBUF[4]_inst_i_1/O
                         net (fo=1, routed)           1.950     7.604    AN_OBUF[4]
    P14                  OBUF (Prop_obuf_I_O)         3.550    11.154 r  AN_OBUF[4]_inst/O
                         net (fo=0)                   0.000    11.154    AN[4]
    P14                                                               r  AN[4] (OUT)
  -------------------------------------------------------------------    -------------------

Slack:                    inf
  Source:                 SW[12]
                            (input port)
  Destination:            LED[12]
                            (output port)
  Path Group:             (none)
  Path Type:              Max at Slow Process Corner
  Data Path Delay:        10.951ns  (logic 5.018ns (45.824%)  route 5.933ns (54.176%))
  Logic Levels:           2  (IBUF=1 OBUF=1)

    Location             Delay type                Incr(ns)  Path(ns)    Netlist Resource(s)
  -------------------------------------------------------------------    -------------------
    H6                                                0.000     0.000 r  SW[12] (IN)
                         net (fo=0)                   0.000     0.000    SW[12]
    H6                   IBUF (Prop_ibuf_I_O)         1.467     1.467 r  SW_IBUF[12]_inst/O
                         net (fo=1, routed)           5.933     7.400    LED_OBUF[12]
    V15                  OBUF (Prop_obuf_I_O)         3.552    10.951 r  LED_OBUF[12]_inst/O
                         net (fo=0)                   0.000    10.951    LED[12]
    V15                                                               r  LED[12] (OUT)
  -------------------------------------------------------------------    -------------------

Slack:                    inf
  Source:                 SW[9]
                            (input port)
  Destination:            AN[5]
                            (output port)
  Path Group:             (none)
  Path Type:              Max at Slow Process Corner
  Data Path Delay:        10.921ns  (logic 4.877ns (44.653%)  route 6.045ns (55.347%))
  Logic Levels:           3  (IBUF=1 LUT4=1 OBUF=1)

    Location             Delay type                Incr(ns)  Path(ns)    Netlist Resource(s)
  -------------------------------------------------------------------    -------------------
    U8                                                0.000     0.000 f  SW[9] (IN)
                         net (fo=0)                   0.000     0.000    SW[9]
    U8                   IBUF (Prop_ibuf_I_O)         0.967     0.967 f  SW_IBUF[9]_inst/O
                         net (fo=2, routed)           4.374     5.341    LED_OBUF[9]
    SLICE_X0Y71          LUT4 (Prop_lut4_I0_O)        0.150     5.491 r  AN_OBUF[5]_inst_i_1/O
                         net (fo=1, routed)           1.671     7.162    AN_OBUF[5]
    T14                  OBUF (Prop_obuf_I_O)         3.760    10.921 r  AN_OBUF[5]_inst/O
                         net (fo=0)                   0.000    10.921    AN[5]
    T14                                                               r  AN[5] (OUT)
  -------------------------------------------------------------------    -------------------

Slack:                    inf
  Source:                 BTNU
                            (input port)
  Destination:            AN[3]
                            (output port)
  Path Group:             (none)
  Path Type:              Max at Slow Process Corner
  Data Path Delay:        10.530ns  (logic 5.392ns (51.204%)  route 5.138ns (48.796%))
  Logic Levels:           3  (IBUF=1 LUT4=1 OBUF=1)

    Location             Delay type                Incr(ns)  Path(ns)    Netlist Resource(s)
  -------------------------------------------------------------------    -------------------
    M18                                               0.000     0.000 r  BTNU (IN)
                         net (fo=0)                   0.000     0.000    BTNU
    M18                  IBUF (Prop_ibuf_I_O)         1.486     1.486 r  BTNU_IBUF_inst/O
                         net (fo=8, routed)           2.184     3.670    BTNU_IBUF
    SLICE_X0Y71          LUT4 (Prop_lut4_I0_O)        0.152     3.822 r  AN_OBUF[3]_inst_i_1/O
                         net (fo=1, routed)           2.954     6.776    AN_OBUF[3]
    J14                  OBUF (Prop_obuf_I_O)         3.754    10.530 r  AN_OBUF[3]_inst/O
                         net (fo=0)                   0.000    10.530    AN[3]
    J14                                                               r  AN[3] (OUT)
  -------------------------------------------------------------------    -------------------

Slack:                    inf
  Source:                 SW[3]
                            (input port)
  Destination:            SEG7_CATH[1]
                            (output port)
  Path Group:             (none)
  Path Type:              Max at Slow Process Corner
  Data Path Delay:        10.372ns  (logic 5.157ns (49.716%)  route 5.215ns (50.284%))
  Logic Levels:           3  (IBUF=1 LUT5=1 OBUF=1)

    Location             Delay type                Incr(ns)  Path(ns)    Netlist Resource(s)
  -------------------------------------------------------------------    -------------------
    R15                                               0.000     0.000 r  SW[3] (IN)
                         net (fo=0)                   0.000     0.000    SW[3]
    R15                  IBUF (Prop_ibuf_I_O)         1.477     1.477 r  SW_IBUF[3]_inst/O
                         net (fo=8, routed)           2.092     3.569    seven_seg/LED_OBUF[3]
    SLICE_X0Y90          LUT5 (Prop_lut5_I0_O)        0.124     3.693 r  seven_seg/SEG7_CATH_OBUF[1]_inst_i_1/O
                         net (fo=1, routed)           3.124     6.817    SEG7_CATH_OBUF[1]
    R10                  OBUF (Prop_obuf_I_O)         3.555    10.372 r  SEG7_CATH_OBUF[1]_inst/O
                         net (fo=0)                   0.000    10.372    SEG7_CATH[1]
    R10                                                               r  SEG7_CATH[1] (OUT)
  -------------------------------------------------------------------    -------------------

Slack:                    inf
  Source:                 SW[3]
                            (input port)
  Destination:            SEG7_CATH[0]
                            (output port)
  Path Group:             (none)
  Path Type:              Max at Slow Process Corner
  Data Path Delay:        10.157ns  (logic 5.414ns (53.305%)  route 4.743ns (46.695%))
  Logic Levels:           3  (IBUF=1 LUT5=1 OBUF=1)

    Location             Delay type                Incr(ns)  Path(ns)    Netlist Resource(s)
  -------------------------------------------------------------------    -------------------
    R15                                               0.000     0.000 r  SW[3] (IN)
                         net (fo=0)                   0.000     0.000    SW[3]
    R15                  IBUF (Prop_ibuf_I_O)         1.477     1.477 r  SW_IBUF[3]_inst/O
                         net (fo=8, routed)           1.963     3.440    seven_seg/LED_OBUF[3]
    SLICE_X0Y85          LUT5 (Prop_lut5_I0_O)        0.152     3.592 r  seven_seg/SEG7_CATH_OBUF[0]_inst_i_1/O
                         net (fo=1, routed)           2.780     6.372    SEG7_CATH_OBUF[0]
    T10                  OBUF (Prop_obuf_I_O)         3.785    10.157 r  SEG7_CATH_OBUF[0]_inst/O
                         net (fo=0)                   0.000    10.157    SEG7_CATH[0]
    T10                                                               r  SEG7_CATH[0] (OUT)
  -------------------------------------------------------------------    -------------------

Slack:                    inf
  Source:                 SW[9]
                            (input port)
  Destination:            LED[9]
                            (output port)
  Path Group:             (none)
  Path Type:              Max at Slow Process Corner
  Data Path Delay:        10.122ns  (logic 4.521ns (44.670%)  route 5.600ns (55.330%))
  Logic Levels:           2  (IBUF=1 OBUF=1)

    Location             Delay type                Incr(ns)  Path(ns)    Netlist Resource(s)
  -------------------------------------------------------------------    -------------------
    U8                                                0.000     0.000 r  SW[9] (IN)
                         net (fo=0)                   0.000     0.000    SW[9]
    U8                   IBUF (Prop_ibuf_I_O)         0.967     0.967 r  SW_IBUF[9]_inst/O
                         net (fo=2, routed)           5.600     6.567    LED_OBUF[9]
    T15                  OBUF (Prop_obuf_I_O)         3.554    10.122 r  LED_OBUF[9]_inst/O
                         net (fo=0)                   0.000    10.122    LED[9]
    T15                                                               r  LED[9] (OUT)
  -------------------------------------------------------------------    -------------------

Slack:                    inf
  Source:                 SW[3]
                            (input port)
  Destination:            SEG7_CATH[3]
                            (output port)
  Path Group:             (none)
  Path Type:              Max at Slow Process Corner
  Data Path Delay:        10.083ns  (logic 5.379ns (53.350%)  route 4.704ns (46.650%))
  Logic Levels:           3  (IBUF=1 LUT5=1 OBUF=1)

    Location             Delay type                Incr(ns)  Path(ns)    Netlist Resource(s)
  -------------------------------------------------------------------    -------------------
    R15                                               0.000     0.000 r  SW[3] (IN)
                         net (fo=0)                   0.000     0.000    SW[3]
    R15                  IBUF (Prop_ibuf_I_O)         1.477     1.477 r  SW_IBUF[3]_inst/O
                         net (fo=8, routed)           2.092     3.569    seven_seg/LED_OBUF[3]
    SLICE_X0Y90          LUT5 (Prop_lut5_I0_O)        0.150     3.719 r  seven_seg/SEG7_CATH_OBUF[3]_inst_i_1/O
                         net (fo=1, routed)           2.612     6.331    SEG7_CATH_OBUF[3]
    K13                  OBUF (Prop_obuf_I_O)         3.752    10.083 r  SEG7_CATH_OBUF[3]_inst/O
                         net (fo=0)                   0.000    10.083    SEG7_CATH[3]
    K13                                                               r  SEG7_CATH[3] (OUT)
  -------------------------------------------------------------------    -------------------

Slack:                    inf
  Source:                 BTNU
                            (input port)
  Destination:            AN[7]
                            (output port)
  Path Group:             (none)
  Path Type:              Max at Slow Process Corner
  Data Path Delay:        9.695ns  (logic 5.395ns (55.647%)  route 4.300ns (44.353%))
  Logic Levels:           3  (IBUF=1 LUT4=1 OBUF=1)

    Location             Delay type                Incr(ns)  Path(ns)    Netlist Resource(s)
  -------------------------------------------------------------------    -------------------
    M18                                               0.000     0.000 f  BTNU (IN)
                         net (fo=0)                   0.000     0.000    BTNU
    M18                  IBUF (Prop_ibuf_I_O)         1.486     1.486 f  BTNU_IBUF_inst/O
                         net (fo=8, routed)           2.030     3.516    BTNU_IBUF
    SLICE_X0Y71          LUT4 (Prop_lut4_I3_O)        0.153     3.669 r  AN_OBUF[7]_inst_i_1/O
                         net (fo=1, routed)           2.270     5.939    AN_OBUF[7]
    U13                  OBUF (Prop_obuf_I_O)         3.756     9.695 r  AN_OBUF[7]_inst/O
                         net (fo=0)                   0.000     9.695    AN[7]
    U13                                                               r  AN[7] (OUT)
  -------------------------------------------------------------------    -------------------





Min Delay Paths
--------------------------------------------------------------------------------------
Slack:                    inf
  Source:                 SW[6]
                            (input port)
  Destination:            LED[6]
                            (output port)
  Path Group:             (none)
  Path Type:              Min at Fast Process Corner
  Data Path Delay:        1.895ns  (logic 1.517ns (80.097%)  route 0.377ns (19.903%))
  Logic Levels:           2  (IBUF=1 OBUF=1)

    Location             Delay type                Incr(ns)  Path(ns)    Netlist Resource(s)
  -------------------------------------------------------------------    -------------------
    U18                                               0.000     0.000 r  SW[6] (IN)
                         net (fo=0)                   0.000     0.000    SW[6]
    U18                  IBUF (Prop_ibuf_I_O)         0.262     0.262 r  SW_IBUF[6]_inst/O
                         net (fo=2, routed)           0.377     0.639    LED_OBUF[6]
    U17                  OBUF (Prop_obuf_I_O)         1.256     1.895 r  LED_OBUF[6]_inst/O
                         net (fo=0)                   0.000     1.895    LED[6]
    U17                                                               r  LED[6] (OUT)
  -------------------------------------------------------------------    -------------------

Slack:                    inf
  Source:                 SW[14]
                            (input port)
  Destination:            LED[14]
                            (output port)
  Path Group:             (none)
  Path Type:              Min at Fast Process Corner
  Data Path Delay:        1.915ns  (logic 1.548ns (80.831%)  route 0.367ns (19.170%))
  Logic Levels:           2  (IBUF=1 OBUF=1)

    Location             Delay type                Incr(ns)  Path(ns)    Netlist Resource(s)
  -------------------------------------------------------------------    -------------------
    U11                                               0.000     0.000 r  SW[14] (IN)
                         net (fo=0)                   0.000     0.000    SW[14]
    U11                  IBUF (Prop_ibuf_I_O)         0.277     0.277 r  SW_IBUF[14]_inst/O
                         net (fo=1, routed)           0.367     0.645    LED_OBUF[14]
    V12                  OBUF (Prop_obuf_I_O)         1.271     1.915 r  LED_OBUF[14]_inst/O
                         net (fo=0)                   0.000     1.915    LED[14]
    V12                                                               r  LED[14] (OUT)
  -------------------------------------------------------------------    -------------------

Slack:                    inf
  Source:                 SW[15]
                            (input port)
  Destination:            LED[15]
                            (output port)
  Path Group:             (none)
  Path Type:              Min at Fast Process Corner
  Data Path Delay:        1.923ns  (logic 1.561ns (81.185%)  route 0.362ns (18.815%))
  Logic Levels:           2  (IBUF=1 OBUF=1)

    Location             Delay type                Incr(ns)  Path(ns)    Netlist Resource(s)
  -------------------------------------------------------------------    -------------------
    V10                                               0.000     0.000 r  SW[15] (IN)
                         net (fo=0)                   0.000     0.000    SW[15]
    V10                  IBUF (Prop_ibuf_I_O)         0.292     0.292 r  SW_IBUF[15]_inst/O
                         net (fo=1, routed)           0.362     0.653    LED_OBUF[15]
    V11                  OBUF (Prop_obuf_I_O)         1.269     1.923 r  LED_OBUF[15]_inst/O
                         net (fo=0)                   0.000     1.923    LED[15]
    V11                                                               r  LED[15] (OUT)
  -------------------------------------------------------------------    -------------------

Slack:                    inf
  Source:                 SW[13]
                            (input port)
  Destination:            LED[13]
                            (output port)
  Path Group:             (none)
  Path Type:              Min at Fast Process Corner
  Data Path Delay:        1.995ns  (logic 1.546ns (77.479%)  route 0.449ns (22.521%))
  Logic Levels:           2  (IBUF=1 OBUF=1)

    Location             Delay type                Incr(ns)  Path(ns)    Netlist Resource(s)
  -------------------------------------------------------------------    -------------------
    U12                                               0.000     0.000 r  SW[13] (IN)
                         net (fo=0)                   0.000     0.000    SW[13]
    U12                  IBUF (Prop_ibuf_I_O)         0.291     0.291 r  SW_IBUF[13]_inst/O
                         net (fo=1, routed)           0.449     0.740    LED_OBUF[13]
    V14                  OBUF (Prop_obuf_I_O)         1.255     1.995 r  LED_OBUF[13]_inst/O
                         net (fo=0)                   0.000     1.995    LED[13]
    V14                                                               r  LED[13] (OUT)
  -------------------------------------------------------------------    -------------------

Slack:                    inf
  Source:                 SW[4]
                            (input port)
  Destination:            LED[4]
                            (output port)
  Path Group:             (none)
  Path Type:              Min at Fast Process Corner
  Data Path Delay:        2.001ns  (logic 1.513ns (75.583%)  route 0.489ns (24.417%))
  Logic Levels:           2  (IBUF=1 OBUF=1)

    Location             Delay type                Incr(ns)  Path(ns)    Netlist Resource(s)
  -------------------------------------------------------------------    -------------------
    R17                                               0.000     0.000 r  SW[4] (IN)
                         net (fo=0)                   0.000     0.000    SW[4]
    R17                  IBUF (Prop_ibuf_I_O)         0.260     0.260 r  SW_IBUF[4]_inst/O
                         net (fo=2, routed)           0.489     0.749    LED_OBUF[4]
    R18                  OBUF (Prop_obuf_I_O)         1.252     2.001 r  LED_OBUF[4]_inst/O
                         net (fo=0)                   0.000     2.001    LED[4]
    R18                                                               r  LED[4] (OUT)
  -------------------------------------------------------------------    -------------------

Slack:                    inf
  Source:                 SW[1]
                            (input port)
  Destination:            LED[1]
                            (output port)
  Path Group:             (none)
  Path Type:              Min at Fast Process Corner
  Data Path Delay:        2.005ns  (logic 1.484ns (74.010%)  route 0.521ns (25.990%))
  Logic Levels:           2  (IBUF=1 OBUF=1)

    Location             Delay type                Incr(ns)  Path(ns)    Netlist Resource(s)
  -------------------------------------------------------------------    -------------------
    L16                                               0.000     0.000 r  SW[1] (IN)
                         net (fo=0)                   0.000     0.000    SW[1]
    L16                  IBUF (Prop_ibuf_I_O)         0.247     0.247 r  SW_IBUF[1]_inst/O
                         net (fo=8, routed)           0.521     0.768    LED_OBUF[1]
    K15                  OBUF (Prop_obuf_I_O)         1.236     2.005 r  LED_OBUF[1]_inst/O
                         net (fo=0)                   0.000     2.005    LED[1]
    K15                                                               r  LED[1] (OUT)
  -------------------------------------------------------------------    -------------------

Slack:                    inf
  Source:                 SW[0]
                            (input port)
  Destination:            LED[0]
                            (output port)
  Path Group:             (none)
  Path Type:              Min at Fast Process Corner
  Data Path Delay:        2.009ns  (logic 1.467ns (72.999%)  route 0.543ns (27.001%))
  Logic Levels:           2  (IBUF=1 OBUF=1)

    Location             Delay type                Incr(ns)  Path(ns)    Netlist Resource(s)
  -------------------------------------------------------------------    -------------------
    J15                                               0.000     0.000 r  SW[0] (IN)
                         net (fo=0)                   0.000     0.000    SW[0]
    J15                  IBUF (Prop_ibuf_I_O)         0.245     0.245 r  SW_IBUF[0]_inst/O
                         net (fo=8, routed)           0.543     0.788    LED_OBUF[0]
    H17                  OBUF (Prop_obuf_I_O)         1.221     2.009 r  LED_OBUF[0]_inst/O
                         net (fo=0)                   0.000     2.009    LED[0]
    H17                                                               r  LED[0] (OUT)
  -------------------------------------------------------------------    -------------------

Slack:                    inf
  Source:                 SW[3]
                            (input port)
  Destination:            LED[3]
                            (output port)
  Path Group:             (none)
  Path Type:              Min at Fast Process Corner
  Data Path Delay:        2.014ns  (logic 1.496ns (74.304%)  route 0.517ns (25.696%))
  Logic Levels:           2  (IBUF=1 OBUF=1)

    Location             Delay type                Incr(ns)  Path(ns)    Netlist Resource(s)
  -------------------------------------------------------------------    -------------------
    R15                                               0.000     0.000 r  SW[3] (IN)
                         net (fo=0)                   0.000     0.000    SW[3]
    R15                  IBUF (Prop_ibuf_I_O)         0.245     0.245 r  SW_IBUF[3]_inst/O
                         net (fo=8, routed)           0.517     0.762    LED_OBUF[3]
    N14                  OBUF (Prop_obuf_I_O)         1.251     2.014 r  LED_OBUF[3]_inst/O
                         net (fo=0)                   0.000     2.014    LED[3]
    N14                                                               r  LED[3] (OUT)
  -------------------------------------------------------------------    -------------------

Slack:                    inf
  Source:                 SW[10]
                            (input port)
  Destination:            LED[10]
                            (output port)
  Path Group:             (none)
  Path Type:              Min at Fast Process Corner
  Data Path Delay:        2.053ns  (logic 1.503ns (73.212%)  route 0.550ns (26.788%))
  Logic Levels:           2  (IBUF=1 OBUF=1)

    Location             Delay type                Incr(ns)  Path(ns)    Netlist Resource(s)
  -------------------------------------------------------------------    -------------------
    R16                                               0.000     0.000 r  SW[10] (IN)
                         net (fo=0)                   0.000     0.000    SW[10]
    R16                  IBUF (Prop_ibuf_I_O)         0.250     0.250 r  SW_IBUF[10]_inst/O
                         net (fo=2, routed)           0.550     0.800    LED_OBUF[10]
    U14                  OBUF (Prop_obuf_I_O)         1.253     2.053 r  LED_OBUF[10]_inst/O
                         net (fo=0)                   0.000     2.053    LED[10]
    U14                                                               r  LED[10] (OUT)
  -------------------------------------------------------------------    -------------------

Slack:                    inf
  Source:                 SW[11]
                            (input port)
  Destination:            LED[11]
                            (output port)
  Path Group:             (none)
  Path Type:              Min at Fast Process Corner
  Data Path Delay:        2.107ns  (logic 1.502ns (71.283%)  route 0.605ns (28.717%))
  Logic Levels:           2  (IBUF=1 OBUF=1)

    Location             Delay type                Incr(ns)  Path(ns)    Netlist Resource(s)
  -------------------------------------------------------------------    -------------------
    T13                                               0.000     0.000 r  SW[11] (IN)
                         net (fo=0)                   0.000     0.000    SW[11]
    T13                  IBUF (Prop_ibuf_I_O)         0.270     0.270 r  SW_IBUF[11]_inst/O
                         net (fo=2, routed)           0.605     0.875    LED_OBUF[11]
    T16                  OBUF (Prop_obuf_I_O)         1.232     2.107 r  LED_OBUF[11]_inst/O
                         net (fo=0)                   0.000     2.107    LED[11]
    T16                                                               r  LED[11] (OUT)
  -------------------------------------------------------------------    -------------------





