Copyright 1986-2021 Xilinx, Inc. All Rights Reserved.
------------------------------------------------------------------------------------------------------------------------------------------------------------------------------------------------------------------------
| Tool Version : Vivado v.2021.2 (lin64) Build 3367213 Tue Oct 19 02:47:39 MDT 2021
| Date         : Mon Jan 24 07:31:34 2022
| Host         : yoshi-desktop running 64-bit Ubuntu 20.04.3 LTS
| Command      : report_timing_summary -max_paths 10 -report_unconstrained -file top_level_timing_summary_routed.rpt -pb top_level_timing_summary_routed.pb -rpx top_level_timing_summary_routed.rpx -warn_on_violation
| Design       : top_level
| Device       : 7a100t-csg324
| Speed File   : -1  PRODUCTION 1.23 2018-06-13
------------------------------------------------------------------------------------------------------------------------------------------------------------------------------------------------------------------------

Timing Summary Report

------------------------------------------------------------------------------------------------
| Timer Settings
| --------------
------------------------------------------------------------------------------------------------

  Enable Multi Corner Analysis               :  Yes
  Enable Pessimism Removal                   :  Yes
  Pessimism Removal Resolution               :  Nearest Common Node
  Enable Input Delay Default Clock           :  No
  Enable Preset / Clear Arcs                 :  No
  Disable Flight Delays                      :  No
  Ignore I/O Paths                           :  No
  Timing Early Launch at Borrowing Latches   :  No
  Borrow Time for Max Delay Exceptions       :  Yes
  Merge Timing Exceptions                    :  Yes

  Corner  Analyze    Analyze    
  Name    Max Paths  Min Paths  
  ------  ---------  ---------  
  Slow    Yes        Yes        
  Fast    Yes        Yes        


------------------------------------------------------------------------------------------------
| Report Methodology
| ------------------
------------------------------------------------------------------------------------------------

Rule  Severity  Description  Violations  
----  --------  -----------  ----------  

Note: This report is based on the most recent report_methodology run and may not be up-to-date. Run report_methodology on the current design for the latest report.



check_timing report

Table of Contents
-----------------
1. checking no_clock (0)
2. checking constant_clock (0)
3. checking pulse_width_clock (0)
4. checking unconstrained_internal_endpoints (0)
5. checking no_input_delay (0)
6. checking no_output_delay (0)
7. checking multiple_clock (0)
8. checking generated_clocks (0)
9. checking loops (0)
10. checking partial_input_delay (0)
11. checking partial_output_delay (0)
12. checking latch_loops (0)

1. checking no_clock (0)
------------------------
 There are 0 register/latch pins with no clock.


2. checking constant_clock (0)
------------------------------
 There are 0 register/latch pins with constant_clock.


3. checking pulse_width_clock (0)
---------------------------------
 There are 0 register/latch pins which need pulse_width check


4. checking unconstrained_internal_endpoints (0)
------------------------------------------------
 There are 0 pins that are not constrained for maximum delay.

 There are 0 pins that are not constrained for maximum delay due to constant clock.


5. checking no_input_delay (0)
------------------------------
 There are 0 input ports with no input delay specified.

 There are 0 input ports with no input delay but user has a false path constraint.


6. checking no_output_delay (0)
-------------------------------
 There are 0 ports with no output delay specified.

 There are 0 ports with no output delay but user has a false path constraint

 There are 0 ports with no output delay but with a timing clock defined on it or propagating through it


7. checking multiple_clock (0)
------------------------------
 There are 0 register/latch pins with multiple clocks.


8. checking generated_clocks (0)
--------------------------------
 There are 0 generated clocks that are not connected to a clock source.


9. checking loops (0)
---------------------
 There are 0 combinational loops in the design.


10. checking partial_input_delay (0)
------------------------------------
 There are 0 input ports with partial input delay specified.


11. checking partial_output_delay (0)
-------------------------------------
 There are 0 ports with partial output delay specified.


12. checking latch_loops (0)
----------------------------
 There are 0 combinational latch loops in the design through latch input



------------------------------------------------------------------------------------------------
| Design Timing Summary
| ---------------------
------------------------------------------------------------------------------------------------

    WNS(ns)      TNS(ns)  TNS Failing Endpoints  TNS Total Endpoints      WHS(ns)      THS(ns)  THS Failing Endpoints  THS Total Endpoints     WPWS(ns)     TPWS(ns)  TPWS Failing Endpoints  TPWS Total Endpoints  
    -------      -------  ---------------------  -------------------      -------      -------  ---------------------  -------------------     --------     --------  ----------------------  --------------------  
        inf        0.000                      0                    7          inf        0.000                      0                    7           NA           NA                      NA                    NA  


There are no user specified timing constraints.


------------------------------------------------------------------------------------------------
| Clock Summary
| -------------
------------------------------------------------------------------------------------------------


------------------------------------------------------------------------------------------------
| Intra Clock Table
| -----------------
------------------------------------------------------------------------------------------------

Clock             WNS(ns)      TNS(ns)  TNS Failing Endpoints  TNS Total Endpoints      WHS(ns)      THS(ns)  THS Failing Endpoints  THS Total Endpoints     WPWS(ns)     TPWS(ns)  TPWS Failing Endpoints  TPWS Total Endpoints  
-----             -------      -------  ---------------------  -------------------      -------      -------  ---------------------  -------------------     --------     --------  ----------------------  --------------------  


------------------------------------------------------------------------------------------------
| Inter Clock Table
| -----------------
------------------------------------------------------------------------------------------------

From Clock    To Clock          WNS(ns)      TNS(ns)  TNS Failing Endpoints  TNS Total Endpoints      WHS(ns)      THS(ns)  THS Failing Endpoints  THS Total Endpoints  
----------    --------          -------      -------  ---------------------  -------------------      -------      -------  ---------------------  -------------------  


------------------------------------------------------------------------------------------------
| Other Path Groups Table
| -----------------------
------------------------------------------------------------------------------------------------

Path Group    From Clock    To Clock          WNS(ns)      TNS(ns)  TNS Failing Endpoints  TNS Total Endpoints      WHS(ns)      THS(ns)  THS Failing Endpoints  THS Total Endpoints  
----------    ----------    --------          -------      -------  ---------------------  -------------------      -------      -------  ---------------------  -------------------  


------------------------------------------------------------------------------------------------
| User Ignored Path Table
| -----------------------
------------------------------------------------------------------------------------------------

Path Group    From Clock    To Clock    
----------    ----------    --------    


------------------------------------------------------------------------------------------------
| Unconstrained Path Table
| ------------------------
------------------------------------------------------------------------------------------------

Path Group    From Clock    To Clock    
----------    ----------    --------    
(none)                                    


------------------------------------------------------------------------------------------------
| Timing Details
| --------------
------------------------------------------------------------------------------------------------


--------------------------------------------------------------------------------------
Path Group:  (none)
From Clock:  
  To Clock:  

Max Delay             7 Endpoints
Min Delay             7 Endpoints
--------------------------------------------------------------------------------------


Max Delay Paths
--------------------------------------------------------------------------------------
Slack:                    inf
  Source:                 SW[1]
                            (input port)
  Destination:            SEG7_CATH[0]
                            (output port)
  Path Group:             (none)
  Path Type:              Max at Slow Process Corner
  Data Path Delay:        9.926ns  (logic 5.411ns (54.509%)  route 4.515ns (45.491%))
  Logic Levels:           3  (IBUF=1 LUT4=1 OBUF=1)

    Location             Delay type                Incr(ns)  Path(ns)    Netlist Resource(s)
  -------------------------------------------------------------------    -------------------
    L16                                               0.000     0.000 r  SW[1] (IN)
                         net (fo=0)                   0.000     0.000    SW[1]
    L16                  IBUF (Prop_ibuf_I_O)         1.480     1.480 r  SW_IBUF[1]_inst/O
                         net (fo=7, routed)           2.182     3.662    SW_IBUF[1]
    SLICE_X0Y73          LUT4 (Prop_lut4_I3_O)        0.152     3.814 r  SEG7_CATH_OBUF[0]_inst_i_1/O
                         net (fo=1, routed)           2.333     6.147    SEG7_CATH_OBUF[0]
    T10                  OBUF (Prop_obuf_I_O)         3.779     9.926 r  SEG7_CATH_OBUF[0]_inst/O
                         net (fo=0)                   0.000     9.926    SEG7_CATH[0]
    T10                                                               r  SEG7_CATH[0] (OUT)
  -------------------------------------------------------------------    -------------------

Slack:                    inf
  Source:                 SW[1]
                            (input port)
  Destination:            SEG7_CATH[1]
                            (output port)
  Path Group:             (none)
  Path Type:              Max at Slow Process Corner
  Data Path Delay:        9.845ns  (logic 5.159ns (52.401%)  route 4.686ns (47.599%))
  Logic Levels:           3  (IBUF=1 LUT4=1 OBUF=1)

    Location             Delay type                Incr(ns)  Path(ns)    Netlist Resource(s)
  -------------------------------------------------------------------    -------------------
    L16                                               0.000     0.000 r  SW[1] (IN)
                         net (fo=0)                   0.000     0.000    SW[1]
    L16                  IBUF (Prop_ibuf_I_O)         1.480     1.480 r  SW_IBUF[1]_inst/O
                         net (fo=7, routed)           2.182     3.662    SW_IBUF[1]
    SLICE_X0Y73          LUT4 (Prop_lut4_I2_O)        0.124     3.786 r  SEG7_CATH_OBUF[1]_inst_i_1/O
                         net (fo=1, routed)           2.504     6.290    SEG7_CATH_OBUF[1]
    R10                  OBUF (Prop_obuf_I_O)         3.555     9.845 r  SEG7_CATH_OBUF[1]_inst/O
                         net (fo=0)                   0.000     9.845    SEG7_CATH[1]
    R10                                                               r  SEG7_CATH[1] (OUT)
  -------------------------------------------------------------------    -------------------

Slack:                    inf
  Source:                 SW[3]
                            (input port)
  Destination:            SEG7_CATH[3]
                            (output port)
  Path Group:             (none)
  Path Type:              Max at Slow Process Corner
  Data Path Delay:        9.595ns  (logic 5.379ns (56.065%)  route 4.216ns (43.935%))
  Logic Levels:           3  (IBUF=1 LUT4=1 OBUF=1)

    Location             Delay type                Incr(ns)  Path(ns)    Netlist Resource(s)
  -------------------------------------------------------------------    -------------------
    R15                                               0.000     0.000 r  SW[3] (IN)
                         net (fo=0)                   0.000     0.000    SW[3]
    R15                  IBUF (Prop_ibuf_I_O)         1.477     1.477 r  SW_IBUF[3]_inst/O
                         net (fo=7, routed)           1.710     3.187    SW_IBUF[3]
    SLICE_X0Y91          LUT4 (Prop_lut4_I0_O)        0.150     3.337 r  SEG7_CATH_OBUF[3]_inst_i_1/O
                         net (fo=1, routed)           2.505     5.843    SEG7_CATH_OBUF[3]
    K13                  OBUF (Prop_obuf_I_O)         3.752     9.595 r  SEG7_CATH_OBUF[3]_inst/O
                         net (fo=0)                   0.000     9.595    SEG7_CATH[3]
    K13                                                               r  SEG7_CATH[3] (OUT)
  -------------------------------------------------------------------    -------------------

Slack:                    inf
  Source:                 SW[0]
                            (input port)
  Destination:            SEG7_CATH[5]
                            (output port)
  Path Group:             (none)
  Path Type:              Max at Slow Process Corner
  Data Path Delay:        9.545ns  (logic 5.396ns (56.537%)  route 4.148ns (43.463%))
  Logic Levels:           3  (IBUF=1 LUT4=1 OBUF=1)

    Location             Delay type                Incr(ns)  Path(ns)    Netlist Resource(s)
  -------------------------------------------------------------------    -------------------
    J15                                               0.000     0.000 r  SW[0] (IN)
                         net (fo=0)                   0.000     0.000    SW[0]
    J15                  IBUF (Prop_ibuf_I_O)         1.478     1.478 r  SW_IBUF[0]_inst/O
                         net (fo=7, routed)           2.076     3.553    SW_IBUF[0]
    SLICE_X0Y73          LUT4 (Prop_lut4_I2_O)        0.150     3.703 r  SEG7_CATH_OBUF[5]_inst_i_1/O
                         net (fo=1, routed)           2.072     5.776    SEG7_CATH_OBUF[5]
    T11                  OBUF (Prop_obuf_I_O)         3.769     9.545 r  SEG7_CATH_OBUF[5]_inst/O
                         net (fo=0)                   0.000     9.545    SEG7_CATH[5]
    T11                                                               r  SEG7_CATH[5] (OUT)
  -------------------------------------------------------------------    -------------------

Slack:                    inf
  Source:                 SW[0]
                            (input port)
  Destination:            SEG7_CATH[4]
                            (output port)
  Path Group:             (none)
  Path Type:              Max at Slow Process Corner
  Data Path Delay:        8.885ns  (logic 5.135ns (57.796%)  route 3.750ns (42.204%))
  Logic Levels:           3  (IBUF=1 LUT4=1 OBUF=1)

    Location             Delay type                Incr(ns)  Path(ns)    Netlist Resource(s)
  -------------------------------------------------------------------    -------------------
    J15                                               0.000     0.000 r  SW[0] (IN)
                         net (fo=0)                   0.000     0.000    SW[0]
    J15                  IBUF (Prop_ibuf_I_O)         1.478     1.478 r  SW_IBUF[0]_inst/O
                         net (fo=7, routed)           2.076     3.553    SW_IBUF[0]
    SLICE_X0Y73          LUT4 (Prop_lut4_I3_O)        0.124     3.677 r  SEG7_CATH_OBUF[4]_inst_i_1/O
                         net (fo=1, routed)           1.674     5.351    SEG7_CATH_OBUF[4]
    P15                  OBUF (Prop_obuf_I_O)         3.534     8.885 r  SEG7_CATH_OBUF[4]_inst/O
                         net (fo=0)                   0.000     8.885    SEG7_CATH[4]
    P15                                                               r  SEG7_CATH[4] (OUT)
  -------------------------------------------------------------------    -------------------

Slack:                    inf
  Source:                 SW[3]
                            (input port)
  Destination:            SEG7_CATH[2]
                            (output port)
  Path Group:             (none)
  Path Type:              Max at Slow Process Corner
  Data Path Delay:        8.714ns  (logic 5.094ns (58.461%)  route 3.620ns (41.539%))
  Logic Levels:           3  (IBUF=1 LUT4=1 OBUF=1)

    Location             Delay type                Incr(ns)  Path(ns)    Netlist Resource(s)
  -------------------------------------------------------------------    -------------------
    R15                                               0.000     0.000 r  SW[3] (IN)
                         net (fo=0)                   0.000     0.000    SW[3]
    R15                  IBUF (Prop_ibuf_I_O)         1.477     1.477 r  SW_IBUF[3]_inst/O
                         net (fo=7, routed)           1.710     3.187    SW_IBUF[3]
    SLICE_X0Y91          LUT4 (Prop_lut4_I0_O)        0.124     3.311 r  SEG7_CATH_OBUF[2]_inst_i_1/O
                         net (fo=1, routed)           1.910     5.221    SEG7_CATH_OBUF[2]
    K16                  OBUF (Prop_obuf_I_O)         3.493     8.714 r  SEG7_CATH_OBUF[2]_inst/O
                         net (fo=0)                   0.000     8.714    SEG7_CATH[2]
    K16                                                               r  SEG7_CATH[2] (OUT)
  -------------------------------------------------------------------    -------------------

Slack:                    inf
  Source:                 SW[3]
                            (input port)
  Destination:            SEG7_CATH[6]
                            (output port)
  Path Group:             (none)
  Path Type:              Max at Slow Process Corner
  Data Path Delay:        8.514ns  (logic 5.138ns (60.350%)  route 3.376ns (39.650%))
  Logic Levels:           3  (IBUF=1 LUT4=1 OBUF=1)

    Location             Delay type                Incr(ns)  Path(ns)    Netlist Resource(s)
  -------------------------------------------------------------------    -------------------
    R15                                               0.000     0.000 r  SW[3] (IN)
                         net (fo=0)                   0.000     0.000    SW[3]
    R15                  IBUF (Prop_ibuf_I_O)         1.477     1.477 r  SW_IBUF[3]_inst/O
                         net (fo=7, routed)           1.702     3.179    SW_IBUF[3]
    SLICE_X0Y91          LUT4 (Prop_lut4_I0_O)        0.124     3.303 r  SEG7_CATH_OBUF[6]_inst_i_1/O
                         net (fo=1, routed)           1.674     4.977    SEG7_CATH_OBUF[6]
    L18                  OBUF (Prop_obuf_I_O)         3.537     8.514 r  SEG7_CATH_OBUF[6]_inst/O
                         net (fo=0)                   0.000     8.514    SEG7_CATH[6]
    L18                                                               r  SEG7_CATH[6] (OUT)
  -------------------------------------------------------------------    -------------------





Min Delay Paths
--------------------------------------------------------------------------------------
Slack:                    inf
  Source:                 SW[3]
                            (input port)
  Destination:            SEG7_CATH[4]
                            (output port)
  Path Group:             (none)
  Path Type:              Min at Fast Process Corner
  Data Path Delay:        2.211ns  (logic 1.524ns (68.948%)  route 0.687ns (31.052%))
  Logic Levels:           3  (IBUF=1 LUT4=1 OBUF=1)

    Location             Delay type                Incr(ns)  Path(ns)    Netlist Resource(s)
  -------------------------------------------------------------------    -------------------
    R15                                               0.000     0.000 f  SW[3] (IN)
                         net (fo=0)                   0.000     0.000    SW[3]
    R15                  IBUF (Prop_ibuf_I_O)         0.245     0.245 f  SW_IBUF[3]_inst/O
                         net (fo=7, routed)           0.362     0.607    SW_IBUF[3]
    SLICE_X0Y73          LUT4 (Prop_lut4_I0_O)        0.045     0.652 r  SEG7_CATH_OBUF[4]_inst_i_1/O
                         net (fo=1, routed)           0.325     0.977    SEG7_CATH_OBUF[4]
    P15                  OBUF (Prop_obuf_I_O)         1.234     2.211 r  SEG7_CATH_OBUF[4]_inst/O
                         net (fo=0)                   0.000     2.211    SEG7_CATH[4]
    P15                                                               r  SEG7_CATH[4] (OUT)
  -------------------------------------------------------------------    -------------------

Slack:                    inf
  Source:                 SW[2]
                            (input port)
  Destination:            SEG7_CATH[6]
                            (output port)
  Path Group:             (none)
  Path Type:              Min at Fast Process Corner
  Data Path Delay:        2.343ns  (logic 1.536ns (65.566%)  route 0.807ns (34.434%))
  Logic Levels:           3  (IBUF=1 LUT4=1 OBUF=1)

    Location             Delay type                Incr(ns)  Path(ns)    Netlist Resource(s)
  -------------------------------------------------------------------    -------------------
    M13                                               0.000     0.000 r  SW[2] (IN)
                         net (fo=0)                   0.000     0.000    SW[2]
    M13                  IBUF (Prop_ibuf_I_O)         0.253     0.253 r  SW_IBUF[2]_inst/O
                         net (fo=7, routed)           0.482     0.735    SW_IBUF[2]
    SLICE_X0Y91          LUT4 (Prop_lut4_I2_O)        0.045     0.780 r  SEG7_CATH_OBUF[6]_inst_i_1/O
                         net (fo=1, routed)           0.325     1.105    SEG7_CATH_OBUF[6]
    L18                  OBUF (Prop_obuf_I_O)         1.238     2.343 r  SEG7_CATH_OBUF[6]_inst/O
                         net (fo=0)                   0.000     2.343    SEG7_CATH[6]
    L18                                                               r  SEG7_CATH[6] (OUT)
  -------------------------------------------------------------------    -------------------

Slack:                    inf
  Source:                 SW[2]
                            (input port)
  Destination:            SEG7_CATH[2]
                            (output port)
  Path Group:             (none)
  Path Type:              Min at Fast Process Corner
  Data Path Delay:        2.415ns  (logic 1.492ns (61.796%)  route 0.923ns (38.204%))
  Logic Levels:           3  (IBUF=1 LUT4=1 OBUF=1)

    Location             Delay type                Incr(ns)  Path(ns)    Netlist Resource(s)
  -------------------------------------------------------------------    -------------------
    M13                                               0.000     0.000 r  SW[2] (IN)
                         net (fo=0)                   0.000     0.000    SW[2]
    M13                  IBUF (Prop_ibuf_I_O)         0.253     0.253 r  SW_IBUF[2]_inst/O
                         net (fo=7, routed)           0.481     0.734    SW_IBUF[2]
    SLICE_X0Y91          LUT4 (Prop_lut4_I3_O)        0.045     0.779 r  SEG7_CATH_OBUF[2]_inst_i_1/O
                         net (fo=1, routed)           0.442     1.220    SEG7_CATH_OBUF[2]
    K16                  OBUF (Prop_obuf_I_O)         1.194     2.415 r  SEG7_CATH_OBUF[2]_inst/O
                         net (fo=0)                   0.000     2.415    SEG7_CATH[2]
    K16                                                               r  SEG7_CATH[2] (OUT)
  -------------------------------------------------------------------    -------------------

Slack:                    inf
  Source:                 SW[3]
                            (input port)
  Destination:            SEG7_CATH[5]
                            (output port)
  Path Group:             (none)
  Path Type:              Min at Fast Process Corner
  Data Path Delay:        2.494ns  (logic 1.622ns (65.036%)  route 0.872ns (34.964%))
  Logic Levels:           3  (IBUF=1 LUT4=1 OBUF=1)

    Location             Delay type                Incr(ns)  Path(ns)    Netlist Resource(s)
  -------------------------------------------------------------------    -------------------
    R15                                               0.000     0.000 r  SW[3] (IN)
                         net (fo=0)                   0.000     0.000    SW[3]
    R15                  IBUF (Prop_ibuf_I_O)         0.245     0.245 r  SW_IBUF[3]_inst/O
                         net (fo=7, routed)           0.362     0.607    SW_IBUF[3]
    SLICE_X0Y73          LUT4 (Prop_lut4_I0_O)        0.049     0.656 r  SEG7_CATH_OBUF[5]_inst_i_1/O
                         net (fo=1, routed)           0.510     1.166    SEG7_CATH_OBUF[5]
    T11                  OBUF (Prop_obuf_I_O)         1.328     2.494 r  SEG7_CATH_OBUF[5]_inst/O
                         net (fo=0)                   0.000     2.494    SEG7_CATH[5]
    T11                                                               r  SEG7_CATH[5] (OUT)
  -------------------------------------------------------------------    -------------------

Slack:                    inf
  Source:                 SW[3]
                            (input port)
  Destination:            SEG7_CATH[1]
                            (output port)
  Path Group:             (none)
  Path Type:              Min at Fast Process Corner
  Data Path Delay:        2.584ns  (logic 1.546ns (59.837%)  route 1.038ns (40.163%))
  Logic Levels:           3  (IBUF=1 LUT4=1 OBUF=1)

    Location             Delay type                Incr(ns)  Path(ns)    Netlist Resource(s)
  -------------------------------------------------------------------    -------------------
    R15                                               0.000     0.000 r  SW[3] (IN)
                         net (fo=0)                   0.000     0.000    SW[3]
    R15                  IBUF (Prop_ibuf_I_O)         0.245     0.245 r  SW_IBUF[3]_inst/O
                         net (fo=7, routed)           0.361     0.606    SW_IBUF[3]
    SLICE_X0Y73          LUT4 (Prop_lut4_I0_O)        0.045     0.651 r  SEG7_CATH_OBUF[1]_inst_i_1/O
                         net (fo=1, routed)           0.677     1.328    SEG7_CATH_OBUF[1]
    R10                  OBUF (Prop_obuf_I_O)         1.256     2.584 r  SEG7_CATH_OBUF[1]_inst/O
                         net (fo=0)                   0.000     2.584    SEG7_CATH[1]
    R10                                                               r  SEG7_CATH[1] (OUT)
  -------------------------------------------------------------------    -------------------

Slack:                    inf
  Source:                 SW[3]
                            (input port)
  Destination:            SEG7_CATH[0]
                            (output port)
  Path Group:             (none)
  Path Type:              Min at Fast Process Corner
  Data Path Delay:        2.612ns  (logic 1.632ns (62.488%)  route 0.980ns (37.512%))
  Logic Levels:           3  (IBUF=1 LUT4=1 OBUF=1)

    Location             Delay type                Incr(ns)  Path(ns)    Netlist Resource(s)
  -------------------------------------------------------------------    -------------------
    R15                                               0.000     0.000 r  SW[3] (IN)
                         net (fo=0)                   0.000     0.000    SW[3]
    R15                  IBUF (Prop_ibuf_I_O)         0.245     0.245 r  SW_IBUF[3]_inst/O
                         net (fo=7, routed)           0.361     0.606    SW_IBUF[3]
    SLICE_X0Y73          LUT4 (Prop_lut4_I0_O)        0.048     0.654 r  SEG7_CATH_OBUF[0]_inst_i_1/O
                         net (fo=1, routed)           0.619     1.273    SEG7_CATH_OBUF[0]
    T10                  OBUF (Prop_obuf_I_O)         1.339     2.612 r  SEG7_CATH_OBUF[0]_inst/O
                         net (fo=0)                   0.000     2.612    SEG7_CATH[0]
    T10                                                               r  SEG7_CATH[0] (OUT)
  -------------------------------------------------------------------    -------------------

Slack:                    inf
  Source:                 SW[2]
                            (input port)
  Destination:            SEG7_CATH[3]
                            (output port)
  Path Group:             (none)
  Path Type:              Min at Fast Process Corner
  Data Path Delay:        2.784ns  (logic 1.614ns (57.964%)  route 1.170ns (42.036%))
  Logic Levels:           3  (IBUF=1 LUT4=1 OBUF=1)

    Location             Delay type                Incr(ns)  Path(ns)    Netlist Resource(s)
  -------------------------------------------------------------------    -------------------
    M13                                               0.000     0.000 r  SW[2] (IN)
                         net (fo=0)                   0.000     0.000    SW[2]
    M13                  IBUF (Prop_ibuf_I_O)         0.253     0.253 r  SW_IBUF[2]_inst/O
                         net (fo=7, routed)           0.481     0.734    SW_IBUF[2]
    SLICE_X0Y91          LUT4 (Prop_lut4_I1_O)        0.048     0.782 r  SEG7_CATH_OBUF[3]_inst_i_1/O
                         net (fo=1, routed)           0.689     1.471    SEG7_CATH_OBUF[3]
    K13                  OBUF (Prop_obuf_I_O)         1.313     2.784 r  SEG7_CATH_OBUF[3]_inst/O
                         net (fo=0)                   0.000     2.784    SEG7_CATH[3]
    K13                                                               r  SEG7_CATH[3] (OUT)
  -------------------------------------------------------------------    -------------------





