
*** Running vivado
    with args -log lab3_top.vds -m64 -product Vivado -mode batch -messageDb vivado.pb -notrace -source lab3_top.tcl


****** Vivado v2021.2 (64-bit)
  **** SW Build 3367213 on Tue Oct 19 02:47:39 MDT 2021
  **** IP Build 3369179 on Thu Oct 21 08:25:16 MDT 2021
    ** Copyright 1986-2021 Xilinx, Inc. All Rights Reserved.

source lab3_top.tcl -notrace
Command: read_checkpoint -auto_incremental -incremental /Data/Hopkins/VHDL/Module3/lab3/lab3.srcs/utils_1/imports/synth_1/lab3_top.dcp
INFO: [Vivado 12-5825] Read reference checkpoint from /Data/Hopkins/VHDL/Module3/lab3/lab3.srcs/utils_1/imports/synth_1/lab3_top.dcp for incremental synthesis
INFO: [Vivado 12-7989] Please ensure there are no constraint changes
Command: synth_design -top lab3_top -part xc7a100tcsg324-1
Starting synth_design
Attempting to get a license for feature 'Synthesis' and/or device 'xc7a100t'
INFO: [Common 17-349] Got license for feature 'Synthesis' and/or device 'xc7a100t'
INFO: [Device 21-403] Loading part xc7a100tcsg324-1
WARNING: [Designutils 20-4072] Reference run did not run incremental synthesis because the design is too small; reverting to default synthesis
INFO: [Designutils 20-4379] Flow is switching to default flow due to incremental criteria not met. If you would like to alter this behaviour and have the flow terminate instead, please set the following parameter config_implementation {autoIncr.Synth.RejectBehavior Terminate}
INFO: [Synth 8-7079] Multithreading enabled for synth_design using a maximum of 4 processes.
INFO: [Synth 8-7078] Launching helper process for spawning children vivado processes
INFO: [Synth 8-7075] Helper process launched with PID 1041518
---------------------------------------------------------------------------------
Starting RTL Elaboration : Time (s): cpu = 00:00:02 ; elapsed = 00:00:02 . Memory (MB): peak = 2608.238 ; gain = 0.000 ; free physical = 584 ; free virtual = 3874
---------------------------------------------------------------------------------
INFO: [Synth 8-638] synthesizing module 'lab3_top' [/Data/Hopkins/VHDL/Module3/lab3/lab3.srcs/sources_1/new/lab3_top.vhd:53]
INFO: [Synth 8-638] synthesizing module 'pulse_gen' [/Data/Hopkins/VHDL/Module3/lab3/lab3.srcs/sources_1/new/pulse_gen.vhd:14]
INFO: [Synth 8-256] done synthesizing module 'pulse_gen' (1#1) [/Data/Hopkins/VHDL/Module3/lab3/lab3.srcs/sources_1/new/pulse_gen.vhd:14]
INFO: [Synth 8-638] synthesizing module 'seg7_controller' [/Data/Hopkins/VHDL/Module3/lab3/lab3.srcs/sources_1/new/seg7_controller.vhd:27]
WARNING: [Synth 8-6044] Case expression and choice expression width mismatch, Case expression is 4 wide and choice expression is 3 wide [/Data/Hopkins/VHDL/Module3/lab3/lab3.srcs/sources_1/new/seg7_controller.vhd:57]
WARNING: [Synth 8-6044] Case expression and choice expression width mismatch, Case expression is 4 wide and choice expression is 3 wide [/Data/Hopkins/VHDL/Module3/lab3/lab3.srcs/sources_1/new/seg7_controller.vhd:60]
WARNING: [Synth 8-6044] Case expression and choice expression width mismatch, Case expression is 4 wide and choice expression is 3 wide [/Data/Hopkins/VHDL/Module3/lab3/lab3.srcs/sources_1/new/seg7_controller.vhd:63]
WARNING: [Synth 8-6044] Case expression and choice expression width mismatch, Case expression is 4 wide and choice expression is 3 wide [/Data/Hopkins/VHDL/Module3/lab3/lab3.srcs/sources_1/new/seg7_controller.vhd:66]
WARNING: [Synth 8-6044] Case expression and choice expression width mismatch, Case expression is 4 wide and choice expression is 3 wide [/Data/Hopkins/VHDL/Module3/lab3/lab3.srcs/sources_1/new/seg7_controller.vhd:69]
WARNING: [Synth 8-6044] Case expression and choice expression width mismatch, Case expression is 4 wide and choice expression is 3 wide [/Data/Hopkins/VHDL/Module3/lab3/lab3.srcs/sources_1/new/seg7_controller.vhd:72]
WARNING: [Synth 8-6044] Case expression and choice expression width mismatch, Case expression is 4 wide and choice expression is 3 wide [/Data/Hopkins/VHDL/Module3/lab3/lab3.srcs/sources_1/new/seg7_controller.vhd:75]
WARNING: [Synth 8-6044] Case expression and choice expression width mismatch, Case expression is 4 wide and choice expression is 3 wide [/Data/Hopkins/VHDL/Module3/lab3/lab3.srcs/sources_1/new/seg7_controller.vhd:78]
WARNING: [Synth 8-614] signal 'counter' is read in the process but is not in the sensitivity list [/Data/Hopkins/VHDL/Module3/lab3/lab3.srcs/sources_1/new/seg7_controller.vhd:42]
WARNING: [Synth 8-614] signal 'c1' is read in the process but is not in the sensitivity list [/Data/Hopkins/VHDL/Module3/lab3/lab3.srcs/sources_1/new/seg7_controller.vhd:42]
WARNING: [Synth 8-614] signal 'c2' is read in the process but is not in the sensitivity list [/Data/Hopkins/VHDL/Module3/lab3/lab3.srcs/sources_1/new/seg7_controller.vhd:42]
WARNING: [Synth 8-614] signal 'c3' is read in the process but is not in the sensitivity list [/Data/Hopkins/VHDL/Module3/lab3/lab3.srcs/sources_1/new/seg7_controller.vhd:42]
WARNING: [Synth 8-614] signal 'c4' is read in the process but is not in the sensitivity list [/Data/Hopkins/VHDL/Module3/lab3/lab3.srcs/sources_1/new/seg7_controller.vhd:42]
WARNING: [Synth 8-614] signal 'c5' is read in the process but is not in the sensitivity list [/Data/Hopkins/VHDL/Module3/lab3/lab3.srcs/sources_1/new/seg7_controller.vhd:42]
WARNING: [Synth 8-614] signal 'c6' is read in the process but is not in the sensitivity list [/Data/Hopkins/VHDL/Module3/lab3/lab3.srcs/sources_1/new/seg7_controller.vhd:42]
WARNING: [Synth 8-614] signal 'c7' is read in the process but is not in the sensitivity list [/Data/Hopkins/VHDL/Module3/lab3/lab3.srcs/sources_1/new/seg7_controller.vhd:42]
WARNING: [Synth 8-614] signal 'c8' is read in the process but is not in the sensitivity list [/Data/Hopkins/VHDL/Module3/lab3/lab3.srcs/sources_1/new/seg7_controller.vhd:42]
WARNING: [Synth 8-614] signal 'char' is read in the process but is not in the sensitivity list [/Data/Hopkins/VHDL/Module3/lab3/lab3.srcs/sources_1/new/seg7_controller.vhd:42]
INFO: [Synth 8-256] done synthesizing module 'seg7_controller' (2#1) [/Data/Hopkins/VHDL/Module3/lab3/lab3.srcs/sources_1/new/seg7_controller.vhd:27]
WARNING: [Synth 8-3848] Net LED in module/entity lab3_top does not have driver. [/Data/Hopkins/VHDL/Module3/lab3/lab3.srcs/sources_1/new/lab3_top.vhd:46]
WARNING: [Synth 8-3848] Net reset in module/entity lab3_top does not have driver. [/Data/Hopkins/VHDL/Module3/lab3/lab3.srcs/sources_1/new/lab3_top.vhd:55]
INFO: [Synth 8-256] done synthesizing module 'lab3_top' (3#1) [/Data/Hopkins/VHDL/Module3/lab3/lab3.srcs/sources_1/new/lab3_top.vhd:53]
WARNING: [Synth 8-7129] Port LED[15] in module lab3_top is either unconnected or has no load
WARNING: [Synth 8-7129] Port LED[14] in module lab3_top is either unconnected or has no load
WARNING: [Synth 8-7129] Port LED[13] in module lab3_top is either unconnected or has no load
WARNING: [Synth 8-7129] Port LED[12] in module lab3_top is either unconnected or has no load
WARNING: [Synth 8-7129] Port LED[11] in module lab3_top is either unconnected or has no load
WARNING: [Synth 8-7129] Port LED[10] in module lab3_top is either unconnected or has no load
WARNING: [Synth 8-7129] Port LED[9] in module lab3_top is either unconnected or has no load
WARNING: [Synth 8-7129] Port LED[8] in module lab3_top is either unconnected or has no load
WARNING: [Synth 8-7129] Port LED[7] in module lab3_top is either unconnected or has no load
WARNING: [Synth 8-7129] Port LED[6] in module lab3_top is either unconnected or has no load
WARNING: [Synth 8-7129] Port LED[5] in module lab3_top is either unconnected or has no load
WARNING: [Synth 8-7129] Port LED[4] in module lab3_top is either unconnected or has no load
WARNING: [Synth 8-7129] Port LED[3] in module lab3_top is either unconnected or has no load
WARNING: [Synth 8-7129] Port LED[2] in module lab3_top is either unconnected or has no load
WARNING: [Synth 8-7129] Port LED[1] in module lab3_top is either unconnected or has no load
WARNING: [Synth 8-7129] Port LED[0] in module lab3_top is either unconnected or has no load
WARNING: [Synth 8-7129] Port BTNC in module lab3_top is either unconnected or has no load
WARNING: [Synth 8-7129] Port SW[15] in module lab3_top is either unconnected or has no load
WARNING: [Synth 8-7129] Port SW[14] in module lab3_top is either unconnected or has no load
WARNING: [Synth 8-7129] Port SW[13] in module lab3_top is either unconnected or has no load
WARNING: [Synth 8-7129] Port SW[12] in module lab3_top is either unconnected or has no load
WARNING: [Synth 8-7129] Port SW[11] in module lab3_top is either unconnected or has no load
WARNING: [Synth 8-7129] Port SW[10] in module lab3_top is either unconnected or has no load
WARNING: [Synth 8-7129] Port SW[9] in module lab3_top is either unconnected or has no load
WARNING: [Synth 8-7129] Port SW[8] in module lab3_top is either unconnected or has no load
WARNING: [Synth 8-7129] Port SW[7] in module lab3_top is either unconnected or has no load
WARNING: [Synth 8-7129] Port SW[6] in module lab3_top is either unconnected or has no load
WARNING: [Synth 8-7129] Port SW[5] in module lab3_top is either unconnected or has no load
WARNING: [Synth 8-7129] Port SW[4] in module lab3_top is either unconnected or has no load
WARNING: [Synth 8-7129] Port SW[3] in module lab3_top is either unconnected or has no load
WARNING: [Synth 8-7129] Port SW[2] in module lab3_top is either unconnected or has no load
WARNING: [Synth 8-7129] Port SW[1] in module lab3_top is either unconnected or has no load
WARNING: [Synth 8-7129] Port SW[0] in module lab3_top is either unconnected or has no load
---------------------------------------------------------------------------------
Finished RTL Elaboration : Time (s): cpu = 00:00:03 ; elapsed = 00:00:03 . Memory (MB): peak = 2608.238 ; gain = 0.000 ; free physical = 329 ; free virtual = 3618
---------------------------------------------------------------------------------
---------------------------------------------------------------------------------
Start Handling Custom Attributes
---------------------------------------------------------------------------------
---------------------------------------------------------------------------------
Finished Handling Custom Attributes : Time (s): cpu = 00:00:03 ; elapsed = 00:00:03 . Memory (MB): peak = 2608.238 ; gain = 0.000 ; free physical = 321 ; free virtual = 3611
---------------------------------------------------------------------------------
---------------------------------------------------------------------------------
Finished RTL Optimization Phase 1 : Time (s): cpu = 00:00:03 ; elapsed = 00:00:03 . Memory (MB): peak = 2608.238 ; gain = 0.000 ; free physical = 321 ; free virtual = 3611
---------------------------------------------------------------------------------
Netlist sorting complete. Time (s): cpu = 00:00:00 ; elapsed = 00:00:00 . Memory (MB): peak = 2608.238 ; gain = 0.000 ; free physical = 314 ; free virtual = 3604
INFO: [Project 1-570] Preparing netlist for logic optimization

Processing XDC Constraints
Initializing timing engine
Parsing XDC File [/Data/Hopkins/VHDL/Module3/lab3/lab3.srcs/constrs_1/new/nexys4_constraints.xdc]
WARNING: [Vivado 12-584] No ports matched 'BTNU'. [/Data/Hopkins/VHDL/Module3/lab3/lab3.srcs/constrs_1/new/nexys4_constraints.xdc:85]
CRITICAL WARNING: [Common 17-55] 'set_property' expects at least one object. [/Data/Hopkins/VHDL/Module3/lab3/lab3.srcs/constrs_1/new/nexys4_constraints.xdc:85]
Resolution: If [get_<value>] was used to populate the object, check to make sure this command returns at least one valid object.
WARNING: [Vivado 12-584] No ports matched 'BTND'. [/Data/Hopkins/VHDL/Module3/lab3/lab3.srcs/constrs_1/new/nexys4_constraints.xdc:88]
CRITICAL WARNING: [Common 17-55] 'set_property' expects at least one object. [/Data/Hopkins/VHDL/Module3/lab3/lab3.srcs/constrs_1/new/nexys4_constraints.xdc:88]
Resolution: If [get_<value>] was used to populate the object, check to make sure this command returns at least one valid object.
Finished Parsing XDC File [/Data/Hopkins/VHDL/Module3/lab3/lab3.srcs/constrs_1/new/nexys4_constraints.xdc]
INFO: [Project 1-236] Implementation specific constraints were found while reading constraint file [/Data/Hopkins/VHDL/Module3/lab3/lab3.srcs/constrs_1/new/nexys4_constraints.xdc]. These constraints will be ignored for synthesis but will be used in implementation. Impacted constraints are listed in the file [.Xil/lab3_top_propImpl.xdc].
Resolution: To avoid this warning, move constraints listed in [.Xil/lab3_top_propImpl.xdc] to another XDC file and exclude this new file from synthesis with the used_in_synthesis property (File Properties dialog in GUI) and re-run elaboration/synthesis.
Completed Processing XDC Constraints

Netlist sorting complete. Time (s): cpu = 00:00:00 ; elapsed = 00:00:00 . Memory (MB): peak = 2672.164 ; gain = 0.000 ; free physical = 1157 ; free virtual = 4446
INFO: [Project 1-111] Unisim Transformation Summary:
No Unisim elements were transformed.

Constraint Validation Runtime : Time (s): cpu = 00:00:00 ; elapsed = 00:00:00 . Memory (MB): peak = 2672.164 ; gain = 0.000 ; free physical = 1157 ; free virtual = 4446
WARNING: [Designutils 20-4072] Reference run did not run incremental synthesis because the design is too small; reverting to default synthesis
INFO: [Designutils 20-4379] Flow is switching to default flow due to incremental criteria not met. If you would like to alter this behaviour and have the flow terminate instead, please set the following parameter config_implementation {autoIncr.Synth.RejectBehavior Terminate}
---------------------------------------------------------------------------------
Finished Constraint Validation : Time (s): cpu = 00:00:07 ; elapsed = 00:00:07 . Memory (MB): peak = 2672.164 ; gain = 63.926 ; free physical = 1228 ; free virtual = 4518
---------------------------------------------------------------------------------
---------------------------------------------------------------------------------
Start Loading Part and Timing Information
---------------------------------------------------------------------------------
Loading part: xc7a100tcsg324-1
---------------------------------------------------------------------------------
Finished Loading Part and Timing Information : Time (s): cpu = 00:00:07 ; elapsed = 00:00:07 . Memory (MB): peak = 2672.164 ; gain = 63.926 ; free physical = 1228 ; free virtual = 4518
---------------------------------------------------------------------------------
---------------------------------------------------------------------------------
Start Applying 'set_property' XDC Constraints
---------------------------------------------------------------------------------
---------------------------------------------------------------------------------
Finished applying 'set_property' XDC Constraints : Time (s): cpu = 00:00:07 ; elapsed = 00:00:07 . Memory (MB): peak = 2672.164 ; gain = 63.926 ; free physical = 1228 ; free virtual = 4518
---------------------------------------------------------------------------------
---------------------------------------------------------------------------------
Finished RTL Optimization Phase 2 : Time (s): cpu = 00:00:07 ; elapsed = 00:00:07 . Memory (MB): peak = 2672.164 ; gain = 63.926 ; free physical = 1218 ; free virtual = 4510
---------------------------------------------------------------------------------
---------------------------------------------------------------------------------
Start RTL Component Statistics 
---------------------------------------------------------------------------------
Detailed RTL Component Info : 
+---Adders : 
	   2 Input    4 Bit       Adders := 1     
+---Registers : 
	                4 Bit    Registers := 1     
+---Muxes : 
	   2 Input    8 Bit        Muxes := 1     
	   8 Input    8 Bit        Muxes := 1     
	   2 Input    4 Bit        Muxes := 1     
---------------------------------------------------------------------------------
Finished RTL Component Statistics 
---------------------------------------------------------------------------------
---------------------------------------------------------------------------------
Start Part Resource Summary
---------------------------------------------------------------------------------
Part Resources:
DSPs: 240 (col length:80)
BRAMs: 270 (col length: RAMB18 80 RAMB36 40)
---------------------------------------------------------------------------------
Finished Part Resource Summary
---------------------------------------------------------------------------------
---------------------------------------------------------------------------------
Start Cross Boundary and Area Optimization
---------------------------------------------------------------------------------
WARNING: [Synth 8-7080] Parallel synthesis criteria is not met
WARNING: [Synth 8-7129] Port LED[15] in module lab3_top is either unconnected or has no load
WARNING: [Synth 8-7129] Port LED[14] in module lab3_top is either unconnected or has no load
WARNING: [Synth 8-7129] Port LED[13] in module lab3_top is either unconnected or has no load
WARNING: [Synth 8-7129] Port LED[12] in module lab3_top is either unconnected or has no load
WARNING: [Synth 8-7129] Port LED[11] in module lab3_top is either unconnected or has no load
WARNING: [Synth 8-7129] Port LED[10] in module lab3_top is either unconnected or has no load
WARNING: [Synth 8-7129] Port LED[9] in module lab3_top is either unconnected or has no load
WARNING: [Synth 8-7129] Port LED[8] in module lab3_top is either unconnected or has no load
WARNING: [Synth 8-7129] Port LED[7] in module lab3_top is either unconnected or has no load
WARNING: [Synth 8-7129] Port LED[6] in module lab3_top is either unconnected or has no load
WARNING: [Synth 8-7129] Port LED[5] in module lab3_top is either unconnected or has no load
WARNING: [Synth 8-7129] Port LED[4] in module lab3_top is either unconnected or has no load
WARNING: [Synth 8-7129] Port LED[3] in module lab3_top is either unconnected or has no load
WARNING: [Synth 8-7129] Port LED[2] in module lab3_top is either unconnected or has no load
WARNING: [Synth 8-7129] Port LED[1] in module lab3_top is either unconnected or has no load
WARNING: [Synth 8-7129] Port LED[0] in module lab3_top is either unconnected or has no load
WARNING: [Synth 8-7129] Port BTNC in module lab3_top is either unconnected or has no load
WARNING: [Synth 8-7129] Port SW[15] in module lab3_top is either unconnected or has no load
WARNING: [Synth 8-7129] Port SW[14] in module lab3_top is either unconnected or has no load
WARNING: [Synth 8-7129] Port SW[13] in module lab3_top is either unconnected or has no load
WARNING: [Synth 8-7129] Port SW[12] in module lab3_top is either unconnected or has no load
WARNING: [Synth 8-7129] Port SW[11] in module lab3_top is either unconnected or has no load
WARNING: [Synth 8-7129] Port SW[10] in module lab3_top is either unconnected or has no load
WARNING: [Synth 8-7129] Port SW[9] in module lab3_top is either unconnected or has no load
WARNING: [Synth 8-7129] Port SW[8] in module lab3_top is either unconnected or has no load
WARNING: [Synth 8-7129] Port SW[7] in module lab3_top is either unconnected or has no load
WARNING: [Synth 8-7129] Port SW[6] in module lab3_top is either unconnected or has no load
WARNING: [Synth 8-7129] Port SW[5] in module lab3_top is either unconnected or has no load
WARNING: [Synth 8-7129] Port SW[4] in module lab3_top is either unconnected or has no load
WARNING: [Synth 8-7129] Port SW[3] in module lab3_top is either unconnected or has no load
WARNING: [Synth 8-7129] Port SW[2] in module lab3_top is either unconnected or has no load
WARNING: [Synth 8-7129] Port SW[1] in module lab3_top is either unconnected or has no load
WARNING: [Synth 8-7129] Port SW[0] in module lab3_top is either unconnected or has no load
---------------------------------------------------------------------------------
Finished Cross Boundary and Area Optimization : Time (s): cpu = 00:00:08 ; elapsed = 00:00:08 . Memory (MB): peak = 2672.164 ; gain = 63.926 ; free physical = 1208 ; free virtual = 4504
---------------------------------------------------------------------------------
---------------------------------------------------------------------------------
Start Applying XDC Timing Constraints
---------------------------------------------------------------------------------
---------------------------------------------------------------------------------
Finished Applying XDC Timing Constraints : Time (s): cpu = 00:00:11 ; elapsed = 00:00:11 . Memory (MB): peak = 2672.164 ; gain = 63.926 ; free physical = 1088 ; free virtual = 4383
---------------------------------------------------------------------------------
---------------------------------------------------------------------------------
Start Timing Optimization
---------------------------------------------------------------------------------
---------------------------------------------------------------------------------
Finished Timing Optimization : Time (s): cpu = 00:00:11 ; elapsed = 00:00:11 . Memory (MB): peak = 2672.164 ; gain = 63.926 ; free physical = 1086 ; free virtual = 4381
---------------------------------------------------------------------------------
---------------------------------------------------------------------------------
Start Technology Mapping
---------------------------------------------------------------------------------
---------------------------------------------------------------------------------
Finished Technology Mapping : Time (s): cpu = 00:00:11 ; elapsed = 00:00:11 . Memory (MB): peak = 2672.164 ; gain = 63.926 ; free physical = 1085 ; free virtual = 4381
---------------------------------------------------------------------------------
---------------------------------------------------------------------------------
Start IO Insertion
---------------------------------------------------------------------------------
---------------------------------------------------------------------------------
Start Flattening Before IO Insertion
---------------------------------------------------------------------------------
---------------------------------------------------------------------------------
Finished Flattening Before IO Insertion
---------------------------------------------------------------------------------
---------------------------------------------------------------------------------
Start Final Netlist Cleanup
---------------------------------------------------------------------------------
---------------------------------------------------------------------------------
Finished Final Netlist Cleanup
---------------------------------------------------------------------------------
---------------------------------------------------------------------------------
Finished IO Insertion : Time (s): cpu = 00:00:13 ; elapsed = 00:00:14 . Memory (MB): peak = 2672.164 ; gain = 63.926 ; free physical = 1081 ; free virtual = 4377
---------------------------------------------------------------------------------
---------------------------------------------------------------------------------
Start Renaming Generated Instances
---------------------------------------------------------------------------------
---------------------------------------------------------------------------------
Finished Renaming Generated Instances : Time (s): cpu = 00:00:13 ; elapsed = 00:00:14 . Memory (MB): peak = 2672.164 ; gain = 63.926 ; free physical = 1081 ; free virtual = 4377
---------------------------------------------------------------------------------
---------------------------------------------------------------------------------
Start Rebuilding User Hierarchy
---------------------------------------------------------------------------------
---------------------------------------------------------------------------------
Finished Rebuilding User Hierarchy : Time (s): cpu = 00:00:13 ; elapsed = 00:00:14 . Memory (MB): peak = 2672.164 ; gain = 63.926 ; free physical = 1081 ; free virtual = 4377
---------------------------------------------------------------------------------
---------------------------------------------------------------------------------
Start Renaming Generated Ports
---------------------------------------------------------------------------------
---------------------------------------------------------------------------------
Finished Renaming Generated Ports : Time (s): cpu = 00:00:13 ; elapsed = 00:00:14 . Memory (MB): peak = 2672.164 ; gain = 63.926 ; free physical = 1081 ; free virtual = 4377
---------------------------------------------------------------------------------
---------------------------------------------------------------------------------
Start Handling Custom Attributes
---------------------------------------------------------------------------------
---------------------------------------------------------------------------------
Finished Handling Custom Attributes : Time (s): cpu = 00:00:13 ; elapsed = 00:00:14 . Memory (MB): peak = 2672.164 ; gain = 63.926 ; free physical = 1081 ; free virtual = 4377
---------------------------------------------------------------------------------
---------------------------------------------------------------------------------
Start Renaming Generated Nets
---------------------------------------------------------------------------------
---------------------------------------------------------------------------------
Finished Renaming Generated Nets : Time (s): cpu = 00:00:13 ; elapsed = 00:00:14 . Memory (MB): peak = 2672.164 ; gain = 63.926 ; free physical = 1081 ; free virtual = 4377
---------------------------------------------------------------------------------
---------------------------------------------------------------------------------
Start Writing Synthesis Report
---------------------------------------------------------------------------------

Report BlackBoxes: 
+-+--------------+----------+
| |BlackBox name |Instances |
+-+--------------+----------+
+-+--------------+----------+

Report Cell Usage: 
+------+-------+------+
|      |Cell   |Count |
+------+-------+------+
|1     |BUFG   |     1|
|2     |CARRY4 |     7|
|3     |LUT2   |    29|
|4     |LUT3   |    17|
|5     |LUT4   |     5|
|6     |LUT6   |     3|
|7     |FDRE   |    31|
|8     |IBUF   |     1|
|9     |OBUF   |    16|
|10    |OBUFT  |    16|
+------+-------+------+
---------------------------------------------------------------------------------
Finished Writing Synthesis Report : Time (s): cpu = 00:00:13 ; elapsed = 00:00:14 . Memory (MB): peak = 2672.164 ; gain = 63.926 ; free physical = 1081 ; free virtual = 4377
---------------------------------------------------------------------------------
Synthesis finished with 0 errors, 0 critical warnings and 34 warnings.
Synthesis Optimization Runtime : Time (s): cpu = 00:00:12 ; elapsed = 00:00:13 . Memory (MB): peak = 2672.164 ; gain = 0.000 ; free physical = 1133 ; free virtual = 4429
Synthesis Optimization Complete : Time (s): cpu = 00:00:14 ; elapsed = 00:00:14 . Memory (MB): peak = 2672.164 ; gain = 63.926 ; free physical = 1133 ; free virtual = 4429
INFO: [Project 1-571] Translating synthesized netlist
Netlist sorting complete. Time (s): cpu = 00:00:00 ; elapsed = 00:00:00 . Memory (MB): peak = 2672.164 ; gain = 0.000 ; free physical = 1190 ; free virtual = 4485
INFO: [Netlist 29-17] Analyzing 7 Unisim elements for replacement
INFO: [Netlist 29-28] Unisim Transformation completed in 4 CPU seconds
INFO: [Project 1-570] Preparing netlist for logic optimization
INFO: [Opt 31-138] Pushed 0 inverter(s) to 0 load pin(s).
Netlist sorting complete. Time (s): cpu = 00:00:00 ; elapsed = 00:00:00 . Memory (MB): peak = 2672.164 ; gain = 0.000 ; free physical = 1160 ; free virtual = 4455
INFO: [Project 1-111] Unisim Transformation Summary:
No Unisim elements were transformed.

Synth Design complete, checksum: b1284bca
INFO: [Common 17-83] Releasing license: Synthesis
25 Infos, 91 Warnings, 2 Critical Warnings and 0 Errors encountered.
synth_design completed successfully
synth_design: Time (s): cpu = 00:00:19 ; elapsed = 00:00:16 . Memory (MB): peak = 2672.164 ; gain = 64.031 ; free physical = 1360 ; free virtual = 4656
INFO: [runtcl-6] Synthesis results are not added to the cache due to CRITICAL_WARNING
INFO: [Common 17-1381] The checkpoint '/Data/Hopkins/VHDL/Module3/lab3/lab3.runs/synth_1/lab3_top.dcp' has been generated.
INFO: [runtcl-4] Executing : report_utilization -file lab3_top_utilization_synth.rpt -pb lab3_top_utilization_synth.pb
INFO: [Common 17-206] Exiting Vivado at Sat Feb 12 22:31:28 2022...
